<?xml version="1.0" encoding="UTF-8"?>
<!-- Generated by org.testng.reporters.JUnitReportReporter -->
<testsuite skipped="0" hostname="HP" name="com.fb.qa.testcases.LoginPageTest" tests="2" failures="0" timestamp="15 Jan 2019 17:52:22 GMT" time="37.838" errors="0">
  <testcase name="loginPageUrlValidation" time="11.977" classname="com.fb.qa.testcases.LoginPageTest"/>
  <testcase name="login" time="25.861" classname="com.fb.qa.testcases.LoginPageTest"/>
</testsuite> <!-- com.fb.qa.testcases.LoginPageTest -->
