<?xml version="1.0" encoding="UTF-8"?>
<!-- Generated by org.testng.reporters.JUnitReportReporter -->
<testsuite skipped="0" hostname="HP" name="com.fb.qa.testcases.HomePageTest" tests="3" failures="0" timestamp="15 Jan 2019 16:19:42 GMT" time="79.922" errors="0">
  <testcase name="postFeed" time="31.262" classname="com.fb.qa.testcases.HomePageTest"/>
  <testcase name="checkPost" time="23.903" classname="com.fb.qa.testcases.HomePageTest"/>
  <testcase name="searchbar" time="24.757" classname="com.fb.qa.testcases.HomePageTest"/>
</testsuite> <!-- com.fb.qa.testcases.HomePageTest -->
