<?xml version="1.0" encoding="UTF-8"?>
<!-- Generated by org.testng.reporters.JUnitReportReporter -->
<testsuite skipped="0" hostname="HP" name="com.fb.qa.testcases.HomePageTest" tests="3" failures="0" timestamp="15 Jan 2019 17:52:22 GMT" time="89.217" errors="0">
  <testcase name="postFeed" time="31.015" classname="com.fb.qa.testcases.HomePageTest"/>
  <testcase name="checkPost" time="30.483" classname="com.fb.qa.testcases.HomePageTest"/>
  <testcase name="searchbar" time="27.719" classname="com.fb.qa.testcases.HomePageTest"/>
</testsuite> <!-- com.fb.qa.testcases.HomePageTest -->
