<?xml version="1.0" encoding="UTF-8"?>
<!-- Generated by org.testng.reporters.JUnitReportReporter -->
<testsuite skipped="0" hostname="HP" name="com.fb.qa.testcases.RegisterPageTest" tests="1" failures="0" timestamp="13 Jan 2019 12:38:28 GMT" time="39.574" errors="0">
  <testcase name="register_" time="39.574" classname="com.fb.qa.testcases.RegisterPageTest"/>
</testsuite> <!-- com.fb.qa.testcases.RegisterPageTest -->
