<?xml version="1.0" encoding="UTF-8"?>
<!-- Generated by org.testng.reporters.JUnitReportReporter -->
<testsuite skipped="0" hostname="HP" name="com.fb.qa.testcases.LoginPageTest" tests="2" failures="0" timestamp="15 Jan 2019 16:19:42 GMT" time="27.081" errors="0">
  <testcase name="loginPageUrlValidation" time="8.523" classname="com.fb.qa.testcases.LoginPageTest"/>
  <testcase name="login" time="18.558" classname="com.fb.qa.testcases.LoginPageTest"/>
</testsuite> <!-- com.fb.qa.testcases.LoginPageTest -->
