<?xml version="1.0" encoding="UTF-8"?>
<!-- Generated by org.testng.reporters.JUnitReportReporter -->
<testsuite skipped="0" hostname="HP" name="com.fb.qa.testcases.FriendRequestTest" tests="1" failures="0" timestamp="15 Jan 2019 16:19:42 GMT" time="27.608" errors="0">
  <testcase name="sendRequest" time="27.608" classname="com.fb.qa.testcases.FriendRequestTest"/>
</testsuite> <!-- com.fb.qa.testcases.FriendRequestTest -->
